<?xml version="1.0" encoding="UTF-8"?>
<!-- Generated by org.testng.reporters.JUnitReportReporter -->
<testsuite skipped="0" hostname="WIN7-20161110QU" name="sads.tyt.DouBanBook1" tests="1" failures="0" timestamp="31 八月 2017 07:05:06 GMT" time="2.988" errors="0">
  <testcase name="testLagou" time="2.988" classname="sads.tyt.DouBanBook1"/>
</testsuite> <!-- sads.tyt.DouBanBook1 -->
