<?xml version="1.0" encoding="UTF-8"?>
<!-- Generated by org.testng.reporters.JUnitReportReporter -->
<testsuite skipped="0" hostname="WIN7-20161110QU" name="testngLearn.ExpectedExceptionTest" tests="2" failures="0" timestamp="22 六月 2017 06:43:45 GMT" time="0.014" errors="0">
  <testcase name="testSalutationMessage" time="0.003" classname="testngLearn.ExpectedExceptionTest"/>
  <testcase name="testPrintMessage" time="0.011" classname="testngLearn.ExpectedExceptionTest"/>
</testsuite> <!-- testngLearn.ExpectedExceptionTest -->
