<?xml version="1.0" encoding="UTF-8"?>
<!-- Generated by org.testng.reporters.JUnitReportReporter -->
<testsuite skipped="0" hostname="WIN7-20161110QU" name="testngLearn.TestEmployeeDetails" tests="2" failures="0" timestamp="12 五月 2017 08:22:34 GMT" time="0.016" errors="0">
  <testcase name="testCalculateYearlySalary" time="0.003" classname="testngLearn.TestEmployeeDetails"/>
  <testcase name="testCalculateAppriasal" time="0.013" classname="testngLearn.TestEmployeeDetails"/>
</testsuite> <!-- testngLearn.TestEmployeeDetails -->
