<?xml version="1.0" encoding="UTF-8"?>
<!-- Generated by org.testng.reporters.JUnitReportReporter -->
<testsuite skipped="0" hostname="WIN7-20161110QU" name="testngLearn.ParameterizedTest1" tests="1" failures="0" timestamp="22 六月 2017 07:24:14 GMT" time="0.012" errors="0">
  <testcase name="parameterTest" time="0.012" classname="testngLearn.ParameterizedTest1"/>
</testsuite> <!-- testngLearn.ParameterizedTest1 -->
