<?xml version="1.0" encoding="UTF-8"?>
<!-- Generated by org.testng.reporters.JUnitReportReporter -->
<testsuite skipped="0" hostname="WIN7-20161110QU" name="testngLearn.ParamTestWithDataProvider2" tests="1" failures="0" timestamp="22 六月 2017 07:42:14 GMT" time="0.010" errors="0">
  <testcase name="testMethod" time="0.010" classname="testngLearn.ParamTestWithDataProvider2"/>
</testsuite> <!-- testngLearn.ParamTestWithDataProvider2 -->
